<?xml version="1.0" encoding="UTF-8"?>
<!-- Generated by org.testng.reporters.JUnitReportReporter -->
<testsuite hostname="dkadev-qaa" failures="0" tests="1" name="org.mock.api.MockPostUserTest" time="1.959" errors="0" timestamp="2024-02-08T08:04:13 CET" skipped="0">
  <testcase classname="org.mock.api.MockPostUserTest" name="createDummyUserTest" time="1.959"/>
  <system-out/>
</testsuite> <!-- org.mock.api.MockPostUserTest -->
