<?xml version="1.0" encoding="UTF-8"?>
<!-- Generated by org.testng.reporters.JUnitReportReporter -->
<testsuite hostname="dkadev-qaa" failures="0" tests="1" name="org.mock.api.MockGetUserWithParamTest" time="1.771" errors="0" timestamp="2024-02-08T08:24:30 CET" skipped="0">
  <testcase classname="org.mock.api.MockGetUserWithParamTest" name="mockUserWithParamsAPITest" time="1.771"/>
  <system-out/>
</testsuite> <!-- org.mock.api.MockGetUserWithParamTest -->
