<?xml version="1.0" encoding="UTF-8"?>
<!-- Generated by org.testng.reporters.JUnitReportReporter -->
<testsuite hostname="dkadev-qaa" failures="0" tests="1" name="org.mock.api.MockDeleteUserTest" time="1.163" errors="0" timestamp="2024-02-08T08:16:05 CET" skipped="0">
  <testcase classname="org.mock.api.MockDeleteUserTest" name="deleteDummyUserTest" time="1.163"/>
  <system-out/>
</testsuite> <!-- org.mock.api.MockDeleteUserTest -->
