<?xml version="1.0" encoding="UTF-8"?>
<!-- Generated by org.testng.reporters.JUnitReportReporter -->
<testsuite hostname="dkadev-qaa" failures="0" tests="1" name="org.mock.api.MockGetUserTest" time="2.086" errors="0" timestamp="2024-02-07T06:45:09 CET" skipped="0">
  <testcase classname="org.mock.api.MockGetUserTest" name="mockUserAPITest" time="2.086"/>
  <system-out/>
</testsuite> <!-- org.mock.api.MockGetUserTest -->
